<?xml version="1.0" encoding="UTF-8"?>
<testsuite xmlns:xsi="http://www.w3.org/2001/XMLSchema-instance" xsi:noNamespaceSchemaLocation="https://maven.apache.org/surefire/maven-surefire-plugin/xsd/surefire-test-report-3.0.xsd" version="3.0" name="com.example.userservice.InMemoryUserServiceTest" time="0.117" tests="4" errors="0" skipped="0" failures="0">
  <properties>
[...]
</properties>
  <testcase name="testUpdateEmail" classname="com.example.userservice.InMemoryUserServiceTest" time="0.059"/>
  <testcase name="testDeleteUser" classname="com.example.userservice.InMemoryUserServiceTest" time="0.003"/>
  <testcase name="testUserNotFound" classname="com.example.userservice.InMemoryUserServiceTest" time="0.004"/>
  <testcase name="testCreateAndRetrieveUser" classname="com.example.userservice.InMemoryUserServiceTest" time="0.003"/>
</testsuite>